[ 2021-05-11T00:30:35+08:00 ] 123.118.117.171 /core/music/userPng/30d150930c07083b4d9431baf756705a.png
INFO: [ app_init ] --START--
INFO: Run Behavior\BuildLiteBehavior [ RunTime:0.000009s ]
INFO: [ app_init ] --END-- [ RunTime:0.000211s ]
ERR: 无法加载模块:Music

[ 2021-05-11T00:30:36+08:00 ] 1.117.109.129 /core/music/lrc/2fa239bcd7b5acee0f19d4202de4e94c_9.lrc
INFO: [ app_init ] --START--
INFO: Run Behavior\BuildLiteBehavior [ RunTime:0.000010s ]
INFO: [ app_init ] --END-- [ RunTime:0.000200s ]
ERR: 无法加载模块:Music

[ 2021-05-11T00:30:36+08:00 ] 1.117.109.129 /core/music/lrc/067745869ccc43f8e18cbd200361e0f6_1.lrc
INFO: [ app_init ] --START--
INFO: Run Behavior\BuildLiteBehavior [ RunTime:0.000011s ]
INFO: [ app_init ] --END-- [ RunTime:0.001661s ]
ERR: 无法加载模块:Music

[ 2021-05-11T00:30:36+08:00 ] 1.117.109.129 /core/music/lrc/2dd0049c35348f22eca0dd1a21a779bd_7.lrc
INFO: [ app_init ] --START--
INFO: Run Behavior\BuildLiteBehavior [ RunTime:0.000008s ]
INFO: [ app_init ] --END-- [ RunTime:0.000185s ]
ERR: 无法加载模块:Music

[ 2021-05-11T00:30:36+08:00 ] 1.117.109.129 /core/music/lrc/601beb99da73c3db719f001d50675ba2_2.lrc
INFO: [ app_init ] --START--
INFO: Run Behavior\BuildLiteBehavior [ RunTime:0.000007s ]
INFO: [ app_init ] --END-- [ RunTime:0.000212s ]
ERR: 无法加载模块:Music

[ 2021-05-11T00:30:36+08:00 ] 1.117.109.129 /core/music/lrc/0e915b13d9a48192865db779b4e25ea1_1.lrc
INFO: [ app_init ] --START--
INFO: Run Behavior\BuildLiteBehavior [ RunTime:0.000008s ]
INFO: [ app_init ] --END-- [ RunTime:0.000208s ]
ERR: 无法加载模块:Music

[ 2021-05-11T00:30:36+08:00 ] 1.117.109.129 /core/music/lrc/5d5aeb91ac096d8e407e3cf15b9052d1_3.lrc
INFO: [ app_init ] --START--
INFO: Run Behavior\BuildLiteBehavior [ RunTime:0.000007s ]
INFO: [ app_init ] --END-- [ RunTime:0.000208s ]
ERR: 无法加载模块:Music

[ 2021-05-11T00:30:36+08:00 ] 1.117.109.129 /core/music/lrc/9154aa1d74aa472a67c1ccb59a069231_3.lrc
INFO: [ app_init ] --START--
INFO: Run Behavior\BuildLiteBehavior [ RunTime:0.000008s ]
INFO: [ app_init ] --END-- [ RunTime:0.000191s ]
ERR: 无法加载模块:Music

[ 2021-05-11T00:30:36+08:00 ] 1.117.109.129 /core/music/lrc/d3348451ab4b6a2854437207d3a4d00b_1.lrc
INFO: [ app_init ] --START--
INFO: Run Behavior\BuildLiteBehavior [ RunTime:0.000007s ]
INFO: [ app_init ] --END-- [ RunTime:0.000199s ]
ERR: 无法加载模块:Music

[ 2021-05-11T00:30:36+08:00 ] 1.117.109.129 /core/music/lrc/82726dd6cf83825a07b23992bf288c83_5.lrc
INFO: [ app_init ] --START--
INFO: Run Behavior\BuildLiteBehavior [ RunTime:0.000008s ]
INFO: [ app_init ] --END-- [ RunTime:0.000204s ]
ERR: 无法加载模块:Music

[ 2021-05-11T00:30:36+08:00 ] 1.117.109.129 /core/music/lrc/5b5ee5bc3e6cd74cbf55ae49f78f3572_1.lrc
INFO: [ app_init ] --START--
INFO: Run Behavior\BuildLiteBehavior [ RunTime:0.000008s ]
INFO: [ app_init ] --END-- [ RunTime:0.000249s ]
ERR: 无法加载模块:Music

[ 2021-05-11T00:30:36+08:00 ] 1.117.109.129 /core/music/lrc/9d88acd08e411429b893c80310c4ef08_2.lrc
INFO: [ app_init ] --START--
INFO: Run Behavior\BuildLiteBehavior [ RunTime:0.000008s ]
INFO: [ app_init ] --END-- [ RunTime:0.000183s ]
ERR: 无法加载模块:Music

[ 2021-05-11T00:30:36+08:00 ] 1.117.109.129 /core/music/lrc/7be6535ffe62e88b594b0569576b2d9e_4.lrc
INFO: [ app_init ] --START--
INFO: Run Behavior\BuildLiteBehavior [ RunTime:0.000008s ]
INFO: [ app_init ] --END-- [ RunTime:0.000221s ]
ERR: 无法加载模块:Music

[ 2021-05-11T00:30:36+08:00 ] 1.117.109.129 /core/music/lrc/8176e865ea1f9cf396f6739a57201148_8.lrc
INFO: [ app_init ] --START--
INFO: Run Behavior\BuildLiteBehavior [ RunTime:0.000007s ]
INFO: [ app_init ] --END-- [ RunTime:0.000180s ]
ERR: 无法加载模块:Music

[ 2021-05-11T00:30:36+08:00 ] 1.117.109.129 /core/music/lrc/30a5529207fe023e1843bc252fa2ca19_4.lrc
INFO: [ app_init ] --START--
INFO: Run Behavior\BuildLiteBehavior [ RunTime:0.000008s ]
INFO: [ app_init ] --END-- [ RunTime:0.000203s ]
ERR: 无法加载模块:Music

[ 2021-05-11T00:30:36+08:00 ] 1.117.109.129 /core/music/lrc/2ab160cf4f70966c5fc12380649aa457_7.lrc
INFO: [ app_init ] --START--
INFO: Run Behavior\BuildLiteBehavior [ RunTime:0.000008s ]
INFO: [ app_init ] --END-- [ RunTime:0.000186s ]
ERR: 无法加载模块:Music

[ 2021-05-11T00:30:36+08:00 ] 123.118.117.171 /core/music/png/6640b93690ab192945763427d4d62518_5.png
INFO: [ app_init ] --START--
INFO: Run Behavior\BuildLiteBehavior [ RunTime:0.000009s ]
INFO: [ app_init ] --END-- [ RunTime:0.000205s ]
ERR: 无法加载模块:Music

[ 2021-05-11T00:30:36+08:00 ] 1.117.109.129 /core/music/lrc/67a42f699937d2fce45e53df29f96ac9_1.lrc
INFO: [ app_init ] --START--
INFO: Run Behavior\BuildLiteBehavior [ RunTime:0.000008s ]
INFO: [ app_init ] --END-- [ RunTime:0.000207s ]
ERR: 无法加载模块:Music

[ 2021-05-11T00:30:36+08:00 ] 1.117.109.129 /core/music/lrc/f48f7a9589761b45eaf580f0a03358b7_3.lrc
INFO: [ app_init ] --START--
INFO: Run Behavior\BuildLiteBehavior [ RunTime:0.000007s ]
INFO: [ app_init ] --END-- [ RunTime:0.000185s ]
ERR: 无法加载模块:Music

[ 2021-05-11T00:30:36+08:00 ] 1.117.109.129 /core/music/lrc/b5b7d7df7438c00be0964bfbfe71a3e6_6.lrc
INFO: [ app_init ] --START--
INFO: Run Behavior\BuildLiteBehavior [ RunTime:0.000009s ]
INFO: [ app_init ] --END-- [ RunTime:0.000216s ]
ERR: 无法加载模块:Music

[ 2021-05-11T00:30:36+08:00 ] 1.117.109.129 /core/music/lrc/86f1df2cc22d73d3fc9c22001b3c28c6_2.lrc
INFO: [ app_init ] --START--
INFO: Run Behavior\BuildLiteBehavior [ RunTime:0.000008s ]
INFO: [ app_init ] --END-- [ RunTime:0.000186s ]
ERR: 无法加载模块:Music

[ 2021-05-11T00:30:36+08:00 ] 123.118.117.171 /core/music/png/42d4894d94b6154ca2c974e763e4dd0b_16.png
INFO: [ app_init ] --START--
INFO: Run Behavior\BuildLiteBehavior [ RunTime:0.000008s ]
INFO: [ app_init ] --END-- [ RunTime:0.000187s ]
ERR: 无法加载模块:Music

[ 2021-05-11T00:30:36+08:00 ] 123.118.117.171 /core/music/png/ba79b990832969e9b3a90e8852afe4a6_2.png
INFO: [ app_init ] --START--
INFO: Run Behavior\BuildLiteBehavior [ RunTime:0.000008s ]
INFO: [ app_init ] --END-- [ RunTime:0.000205s ]
ERR: 无法加载模块:Music

[ 2021-05-11T00:30:36+08:00 ] 123.118.117.171 /core/music/png/d39eaa47812e6f1b3cc4eb2d3701222c_5.png
INFO: [ app_init ] --START--
INFO: Run Behavior\BuildLiteBehavior [ RunTime:0.000009s ]
INFO: [ app_init ] --END-- [ RunTime:0.000228s ]
ERR: 无法加载模块:Music

[ 2021-05-11T00:30:36+08:00 ] 123.118.117.171 /core/music/png/2fa239bcd7b5acee0f19d4202de4e94c_9.png
INFO: [ app_init ] --START--
INFO: Run Behavior\BuildLiteBehavior [ RunTime:0.000009s ]
INFO: [ app_init ] --END-- [ RunTime:0.000194s ]
ERR: 无法加载模块:Music

[ 2021-05-11T00:30:37+08:00 ] 123.118.117.171 /core/music/png/bef1e02fbe33ac59b7842e349e77f19d_2.png
INFO: [ app_init ] --START--
INFO: Run Behavior\BuildLiteBehavior [ RunTime:0.000012s ]
INFO: [ app_init ] --END-- [ RunTime:0.000291s ]
ERR: 无法加载模块:Music

[ 2021-05-11T00:30:37+08:00 ] 1.117.109.129 /core/music/lrc/ec01b841d5517c29641d2b3181758864_1.lrc
INFO: [ app_init ] --START--
INFO: Run Behavior\BuildLiteBehavior [ RunTime:0.000012s ]
INFO: [ app_init ] --END-- [ RunTime:0.000261s ]
ERR: 无法加载模块:Music

[ 2021-05-11T00:30:37+08:00 ] 123.118.117.171 /core/music/png/91e60b3a14a5c516adbf1e089f5df9bb_1.png
INFO: [ app_init ] --START--
INFO: Run Behavior\BuildLiteBehavior [ RunTime:0.000008s ]
INFO: [ app_init ] --END-- [ RunTime:0.000204s ]
ERR: 无法加载模块:Music

[ 2021-05-11T00:30:38+08:00 ] 1.117.109.129 /core/music/lrc/a7936a8816c7c49f45581ca92a981bbb_2.lrc
INFO: [ app_init ] --START--
INFO: Run Behavior\BuildLiteBehavior [ RunTime:0.000014s ]
INFO: [ app_init ] --END-- [ RunTime:0.000303s ]
ERR: 无法加载模块:Music

[ 2021-05-11T00:30:38+08:00 ] 1.117.109.129 /core/music/lrc/1dfb6b751424bab27267a82cfa72dd0f_1.lrc
INFO: [ app_init ] --START--
INFO: Run Behavior\BuildLiteBehavior [ RunTime:0.000013s ]
INFO: [ app_init ] --END-- [ RunTime:0.000276s ]
ERR: 无法加载模块:Music

[ 2021-05-11T00:30:38+08:00 ] 1.117.109.129 /core/music/lrc/800be5d443f745099a21e9c782a478f4_2.lrc
INFO: [ app_init ] --START--
INFO: Run Behavior\BuildLiteBehavior [ RunTime:0.000014s ]
INFO: [ app_init ] --END-- [ RunTime:0.000358s ]
ERR: 无法加载模块:Music

[ 2021-05-11T00:30:38+08:00 ] 1.117.109.129 /core/music/lrc/4ea71264a749a78a8dc36ebc93ce9f85_1.lrc
INFO: [ app_init ] --START--
INFO: Run Behavior\BuildLiteBehavior [ RunTime:0.000012s ]
INFO: [ app_init ] --END-- [ RunTime:0.000283s ]
ERR: 无法加载模块:Music

[ 2021-05-11T00:30:38+08:00 ] 1.117.109.129 /core/music/lrc/c3ec330e52e5aefcef5658edfa4b5e0c_3.lrc
INFO: [ app_init ] --START--
INFO: Run Behavior\BuildLiteBehavior [ RunTime:0.000008s ]
INFO: [ app_init ] --END-- [ RunTime:0.000210s ]
ERR: 无法加载模块:Music

[ 2021-05-11T00:30:38+08:00 ] 1.117.109.129 /core/music/lrc/bf1bcb270090fee20af4b6c4782dfba7_5.lrc
INFO: [ app_init ] --START--
INFO: Run Behavior\BuildLiteBehavior [ RunTime:0.000009s ]
INFO: [ app_init ] --END-- [ RunTime:0.000238s ]
ERR: 无法加载模块:Music

[ 2021-05-11T00:30:38+08:00 ] 1.117.109.129 /core/music/lrc/0ccd224c798d823d27d56407a0853baf_4.lrc
INFO: [ app_init ] --START--
INFO: Run Behavior\BuildLiteBehavior [ RunTime:0.000010s ]
INFO: [ app_init ] --END-- [ RunTime:0.000259s ]
ERR: 无法加载模块:Music

[ 2021-05-11T00:30:38+08:00 ] 1.117.109.129 /core/music/lrc/71d383abef7fb25b29cc135101d15c23_8.lrc
INFO: [ app_init ] --START--
INFO: Run Behavior\BuildLiteBehavior [ RunTime:0.000008s ]
INFO: [ app_init ] --END-- [ RunTime:0.000211s ]
ERR: 无法加载模块:Music

[ 2021-05-11T00:30:38+08:00 ] 1.117.109.129 /core/music/lrc/270d8794b2a790269031ce98c08e462e_9.lrc
INFO: [ app_init ] --START--
INFO: Run Behavior\BuildLiteBehavior [ RunTime:0.000009s ]
INFO: [ app_init ] --END-- [ RunTime:0.000237s ]
ERR: 无法加载模块:Music

[ 2021-05-11T00:30:38+08:00 ] 1.117.109.129 /core/music/lrc/da91261f0fb0dbf2c0d5777c870532ba_2.lrc
INFO: [ app_init ] --START--
INFO: Run Behavior\BuildLiteBehavior [ RunTime:0.000009s ]
INFO: [ app_init ] --END-- [ RunTime:0.000226s ]
ERR: 无法加载模块:Music

[ 2021-05-11T00:30:38+08:00 ] 1.117.109.129 /core/music/lrc/a9ba2da965f6f079aba32d1c95a92285_1.lrc
INFO: [ app_init ] --START--
INFO: Run Behavior\BuildLiteBehavior [ RunTime:0.000007s ]
INFO: [ app_init ] --END-- [ RunTime:0.000202s ]
ERR: 无法加载模块:Music

[ 2021-05-11T00:30:40+08:00 ] 123.118.117.171 /core/music/userPng/2ab961b77cd4d863b5c67edc75499d5e.png
INFO: [ app_init ] --START--
INFO: Run Behavior\BuildLiteBehavior [ RunTime:0.000008s ]
INFO: [ app_init ] --END-- [ RunTime:0.000211s ]
ERR: 无法加载模块:Music

[ 2021-05-11T00:30:40+08:00 ] 123.118.117.171 /core/music/userPng/5ad98a2ee6b4a16cb99d60ae62ea7ea3.png
INFO: [ app_init ] --START--
INFO: Run Behavior\BuildLiteBehavior [ RunTime:0.000009s ]
INFO: [ app_init ] --END-- [ RunTime:0.000235s ]
ERR: 无法加载模块:Music

[ 2021-05-11T00:30:40+08:00 ] 123.118.117.171 /core/music/userPng/dcf41cfb0615deaa39b5e44291cc6999.png
INFO: [ app_init ] --START--
INFO: Run Behavior\BuildLiteBehavior [ RunTime:0.000010s ]
INFO: [ app_init ] --END-- [ RunTime:0.000210s ]
ERR: 无法加载模块:Music

[ 2021-05-11T00:30:40+08:00 ] 123.118.117.171 /core/music/userPng/db8adbe2d8095f430ac58eeac390ec64.png
INFO: [ app_init ] --START--
INFO: Run Behavior\BuildLiteBehavior [ RunTime:0.000009s ]
INFO: [ app_init ] --END-- [ RunTime:0.000203s ]
ERR: 无法加载模块:Music

[ 2021-05-11T00:30:42+08:00 ] 123.118.117.171 /core/music/userPng/546423b23ace0bc10034c1933706bb91.png
INFO: [ app_init ] --START--
INFO: Run Behavior\BuildLiteBehavior [ RunTime:0.000012s ]
INFO: [ app_init ] --END-- [ RunTime:0.000226s ]
ERR: 无法加载模块:Music

[ 2021-05-11T00:32:55+08:00 ] 123.118.117.171 /core/music/userPng/75344b53a905d3f57fd9d49c57aa03fe.png
INFO: [ app_init ] --START--
INFO: Run Behavior\BuildLiteBehavior [ RunTime:0.000008s ]
INFO: [ app_init ] --END-- [ RunTime:0.000217s ]
ERR: 无法加载模块:Music

[ 2021-05-11T00:32:55+08:00 ] 123.118.117.171 /core/music/userPng/efc9b4e75491e114937fdb9ec54ea927.png
INFO: [ app_init ] --START--
INFO: Run Behavior\BuildLiteBehavior [ RunTime:0.000008s ]
INFO: [ app_init ] --END-- [ RunTime:0.000213s ]
ERR: 无法加载模块:Music

[ 2021-05-11T00:32:55+08:00 ] 123.118.117.171 /core/music/userPng/a87711f345ecfa81538575096f6fc1b0.png
INFO: [ app_init ] --START--
INFO: Run Behavior\BuildLiteBehavior [ RunTime:0.000009s ]
INFO: [ app_init ] --END-- [ RunTime:0.000196s ]
ERR: 无法加载模块:Music

